Using pre-set license
Built from '2020.2/release' branch; Version is '2020.2.1f1 (270dd8c3da1c) revision 2559448'; Using compiler version '192528614'; Build Type 'Release'
OS: 'Windows 10  (10.0.0) 64bit' Language: 'ru' Physical Memory: 12270 MB
BatchMode: 1, IsHumanControllingUs: 0, StartBugReporterOnCrash: 0, Is64bit: 1, IsPro: 0

 COMMAND LINE ARGUMENTS:
C:\Program Files\Unity\Editor\2020.2.1f1\Editor\Unity.exe
-adb2
-batchMode
-noUpm
-name
AssetImportWorker0
-projectPath
E:/UnityProjectsAndStuff/ColorIsometric
-logFile
Logs/AssetImportWorker0.log
-srvPort
53799
Successfully changed project path to: E:/UnityProjectsAndStuff/ColorIsometric
E:/UnityProjectsAndStuff/ColorIsometric
Using Asset Import Pipeline V2.
Refreshing native plugins compatible for Editor in 93.56 ms, found 1 plugins.
Preloading 0 native plugins for Editor in 0.00 ms.
Initialize engine version: 2020.2.1f1 (270dd8c3da1c)
[Subsystems] Discovering subsystems at path C:/Program Files/Unity/Editor/2020.2.1f1/Editor/Data/Resources/UnitySubsystems
[Subsystems] Discovering subsystems at path E:/UnityProjectsAndStuff/ColorIsometric/Assets
GfxDevice: creating device client; threaded=0
Direct3D:
    Version:  Direct3D 11.0 [level 11.0]
    Renderer: NVIDIA GeForce GTX 560 (ID=0x1201)
    Vendor:   
    VRAM:     969 MB
    Driver:   23.21.13.9135
Initialize mono
Mono path[0] = 'C:/Program Files/Unity/Editor/2020.2.1f1/Editor/Data/Managed'
Mono path[1] = 'C:/Program Files/Unity/Editor/2020.2.1f1/Editor/Data/MonoBleedingEdge/lib/mono/unityjit'
Mono config path = 'C:/Program Files/Unity/Editor/2020.2.1f1/Editor/Data/MonoBleedingEdge/etc'
Using monoOptions --debugger-agent=transport=dt_socket,embedding=1,server=y,suspend=n,address=127.0.0.1:56852
Begin MonoManager ReloadAssembly
Registering precompiled unity dll's ...
Register platform support module: C:/Program Files/Unity/Editor/2020.2.1f1/Editor/Data/PlaybackEngines/WindowsStandaloneSupport/UnityEditor.WindowsStandalone.Extensions.dll
Registered in 0.001723 seconds.
Native extension for WindowsStandalone target not found
Refreshing native plugins compatible for Editor in 71.25 ms, found 1 plugins.
Preloading 0 native plugins for Editor in 0.00 ms.
Invoked RoslynAnalysisRunner static constructor.
RoslynAnalysisRunner will not be running.
RoslynAnalysisRunner has terminated.
Mono: successfully reloaded assembly
- Completed reload, in  2.160 seconds
Platform modules already initialized, skipping
Registering precompiled user dll's ...
Registered in 0.001888 seconds.
Begin MonoManager ReloadAssembly
Native extension for WindowsStandalone target not found
Refreshing native plugins compatible for Editor in 87.71 ms, found 1 plugins.
Preloading 0 native plugins for Editor in 0.00 ms.
Invoked RoslynAnalysisRunner static constructor.
RoslynAnalysisRunner will not be running.
RoslynAnalysisRunner has terminated.
Mono: successfully reloaded assembly
- Completed reload, in  2.358 seconds
Platform modules already initialized, skipping
========================================================================
Worker process is ready to serve import requests
Launched and connected shader compiler UnityShaderCompiler.exe after 0.13 seconds
Refreshing native plugins compatible for Editor in 0.92 ms, found 1 plugins.
Preloading 0 native plugins for Editor in 0.00 ms.
Unloading 1925 Unused Serialized files (Serialized files now loaded: 0)
System memory in use before: 89.5 MB.
System memory in use after: 89.5 MB.

Unloading 20 unused Assets to reduce memory usage. Loaded Objects now: 2370.
Total: 5.570700 ms (FindLiveObjects: 0.545800 ms CreateObjectMapping: 0.233300 ms MarkObjects: 4.513700 ms  DeleteObjects: 0.274700 ms)

========================================================================
Received Import Request.
  path: Assets/qCca_5FXsOo.jpg
  artifactKey: Guid(870529e7612a76144a900436ff01645b) Importer(815301076,1909f56bfc062723c751e8b465ee728b)
Start importing Assets/qCca_5FXsOo.jpg using Guid(870529e7612a76144a900436ff01645b) Importer(815301076,1909f56bfc062723c751e8b465ee728b)  -> (artifact id: '24d99bef690380d9c434b0c87161710f') in 0.228464 seconds
  Import took 0.234525 seconds .

========================================================================
Received Import Request.
  Time since last request: 25.053224 seconds.
  path: Assets/qCca_5FXsOo.jpg
  artifactKey: Guid(870529e7612a76144a900436ff01645b) Importer(815301076,1909f56bfc062723c751e8b465ee728b)
Start importing Assets/qCca_5FXsOo.jpg using Guid(870529e7612a76144a900436ff01645b) Importer(815301076,1909f56bfc062723c751e8b465ee728b)  -> (artifact id: '127232352dcfe39f7b38014dc2769269') in 0.026528 seconds
  Import took 0.034021 seconds .

========================================================================
Received Import Request.
  Time since last request: 0.000405 seconds.
  path: Assets/qCca_5FXsOo.jpg
  artifactKey: Guid(870529e7612a76144a900436ff01645b) Importer(815301076,1909f56bfc062723c751e8b465ee728b)
Start importing Assets/qCca_5FXsOo.jpg using Guid(870529e7612a76144a900436ff01645b) Importer(815301076,1909f56bfc062723c751e8b465ee728b)  -> (artifact id: '127232352dcfe39f7b38014dc2769269') in 0.032762 seconds
  Import took 0.041541 seconds .

========================================================================
Received Import Request.
  Time since last request: 14.931952 seconds.
  path: Assets/qCca_5FXsOo.jpg
  artifactKey: Guid(870529e7612a76144a900436ff01645b) Importer(815301076,1909f56bfc062723c751e8b465ee728b)
Start importing Assets/qCca_5FXsOo.jpg using Guid(870529e7612a76144a900436ff01645b) Importer(815301076,1909f56bfc062723c751e8b465ee728b)  -> (artifact id: 'aff9198701719e28d4c5d2bf616df922') in 0.025847 seconds
  Import took 0.032420 seconds .

========================================================================
Received Prepare
Registering precompiled user dll's ...
Registered in 0.002045 seconds.
Begin MonoManager ReloadAssembly
Native extension for WindowsStandalone target not found
Refreshing native plugins compatible for Editor in 0.97 ms, found 1 plugins.
Preloading 0 native plugins for Editor in 0.00 ms.
Invoked RoslynAnalysisRunner static constructor.
RoslynAnalysisRunner will not be running.
RoslynAnalysisRunner has terminated.
Mono: successfully reloaded assembly
- Completed reload, in  2.059 seconds
Platform modules already initialized, skipping
Refreshing native plugins compatible for Editor in 0.87 ms, found 1 plugins.
Preloading 0 native plugins for Editor in 0.00 ms.
Unloading 1903 Unused Serialized files (Serialized files now loaded: 0)
System memory in use before: 91.4 MB.
System memory in use after: 91.5 MB.

Unloading 9 unused Assets to reduce memory usage. Loaded Objects now: 2378.
Total: 3.134700 ms (FindLiveObjects: 0.234200 ms CreateObjectMapping: 0.074600 ms MarkObjects: 2.799000 ms  DeleteObjects: 0.024900 ms)

AssetImportWorkerClient::OnTransportError - code=2 error=End of file
